<?xml version="1.0" encoding="UTF-8"?>
<testng-results ignored="0" total="1" passed="1" failed="0" skipped="0">
  <reporter-output>
  </reporter-output>
  <suite started-at="2022-05-16T23:01:40 GMT-07:00" name="HybridFramework" finished-at="2022-05-16T23:01:45 GMT-07:00" duration-ms="4253">
    <groups>
    </groups>
    <test started-at="2022-05-16T23:01:40 GMT-07:00" name="HomePage Test" finished-at="2022-05-16T23:01:45 GMT-07:00" duration-ms="4253">
      <class name="com.mindtree.TestCases.TC_HomePage">
        <test-method is-config="true" signature="setup(java.lang.String)[pri:0, instance:com.mindtree.TestCases.TC_HomePage@957e06]" started-at="2022-05-16T23:01:41 GMT-07:00" name="setup" finished-at="2022-05-16T23:01:44 GMT-07:00" duration-ms="3517" status="PASS">
          <params>
            <param index="0">
              <value>
                <![CDATA[chrome]]>
              </value>
            </param>
          </params>
          <reporter-output>
          </reporter-output>
        </test-method> <!-- setup -->
        <test-method signature="homePage()[pri:0, instance:com.mindtree.TestCases.TC_HomePage@957e06]" started-at="2022-05-16T23:01:44 GMT-07:00" name="homePage" finished-at="2022-05-16T23:01:44 GMT-07:00" duration-ms="24" status="PASS">
          <reporter-output>
          </reporter-output>
        </test-method> <!-- homePage -->
        <test-method is-config="true" signature="tearDown()[pri:0, instance:com.mindtree.TestCases.TC_HomePage@957e06]" started-at="2022-05-16T23:01:44 GMT-07:00" name="tearDown" finished-at="2022-05-16T23:01:45 GMT-07:00" duration-ms="330" status="PASS">
          <reporter-output>
          </reporter-output>
        </test-method> <!-- tearDown -->
      </class> <!-- com.mindtree.TestCases.TC_HomePage -->
    </test> <!-- HomePage Test -->
  </suite> <!-- HybridFramework -->
</testng-results>
