<?xml version="1.0" encoding="UTF-8"?>
<testng-results ignored="0" total="10" passed="10" failed="0" skipped="0">
  <reporter-output>
  </reporter-output>
  <suite started-at="2022-05-23T00:22:51 GMT-07:00" name="HybridFramework" finished-at="2022-05-23T00:23:51 GMT-07:00" duration-ms="59781">
    <groups>
    </groups>
    <test started-at="2022-05-23T00:22:51 GMT-07:00" name="HomePage Test" finished-at="2022-05-23T00:23:51 GMT-07:00" duration-ms="59781">
      <class name="com.mindtree.TestCases.TC_HomePage">
        <test-method is-config="true" signature="setup(java.lang.String)[pri:0, instance:com.mindtree.TestCases.TC_HomePage@71a8adcf]" started-at="2022-05-23T00:22:51 GMT-07:00" name="setup" finished-at="2022-05-23T00:22:55 GMT-07:00" duration-ms="3391" status="PASS">
          <params>
            <param index="0">
              <value>
                <![CDATA[chrome]]>
              </value>
            </param>
          </params>
          <reporter-output>
          </reporter-output>
        </test-method> <!-- setup -->
        <test-method signature="homePage()[pri:0, instance:com.mindtree.TestCases.TC_HomePage@71a8adcf]" started-at="2022-05-23T00:22:55 GMT-07:00" name="homePage" finished-at="2022-05-23T00:22:55 GMT-07:00" duration-ms="14" status="PASS">
          <reporter-output>
          </reporter-output>
        </test-method> <!-- homePage -->
        <test-method is-config="true" signature="tearDown()[pri:0, instance:com.mindtree.TestCases.TC_HomePage@71a8adcf]" started-at="2022-05-23T00:22:55 GMT-07:00" name="tearDown" finished-at="2022-05-23T00:22:55 GMT-07:00" duration-ms="353" status="PASS">
          <reporter-output>
          </reporter-output>
        </test-method> <!-- tearDown -->
      </class> <!-- com.mindtree.TestCases.TC_HomePage -->
      <class name="com.mindtree.TestCases.TC_ViewCustomerStories">
        <test-method is-config="true" signature="setup(java.lang.String)[pri:0, instance:com.mindtree.TestCases.TC_ViewCustomerStories@4b0d79fc]" started-at="2022-05-23T00:23:46 GMT-07:00" name="setup" finished-at="2022-05-23T00:23:48 GMT-07:00" duration-ms="2450" status="PASS">
          <params>
            <param index="0">
              <value>
                <![CDATA[chrome]]>
              </value>
            </param>
          </params>
          <reporter-output>
          </reporter-output>
        </test-method> <!-- setup -->
        <test-method signature="viewcusstories()[pri:0, instance:com.mindtree.TestCases.TC_ViewCustomerStories@4b0d79fc]" started-at="2022-05-23T00:23:48 GMT-07:00" name="viewcusstories" finished-at="2022-05-23T00:23:50 GMT-07:00" duration-ms="1835" status="PASS">
          <reporter-output>
          </reporter-output>
        </test-method> <!-- viewcusstories -->
        <test-method is-config="true" signature="tearDown()[pri:0, instance:com.mindtree.TestCases.TC_ViewCustomerStories@4b0d79fc]" started-at="2022-05-23T00:23:50 GMT-07:00" name="tearDown" finished-at="2022-05-23T00:23:51 GMT-07:00" duration-ms="397" status="PASS">
          <reporter-output>
          </reporter-output>
        </test-method> <!-- tearDown -->
      </class> <!-- com.mindtree.TestCases.TC_ViewCustomerStories -->
      <class name="com.mindtree.TestCases.TC_TVUnits">
        <test-method is-config="true" signature="setup(java.lang.String)[pri:0, instance:com.mindtree.TestCases.TC_TVUnits@27f981c6]" started-at="2022-05-23T00:23:21 GMT-07:00" name="setup" finished-at="2022-05-23T00:23:23 GMT-07:00" duration-ms="2596" status="PASS">
          <params>
            <param index="0">
              <value>
                <![CDATA[chrome]]>
              </value>
            </param>
          </params>
          <reporter-output>
          </reporter-output>
        </test-method> <!-- setup -->
        <test-method signature="tvUnits()[pri:0, instance:com.mindtree.TestCases.TC_TVUnits@27f981c6]" started-at="2022-05-23T00:23:23 GMT-07:00" name="tvUnits" finished-at="2022-05-23T00:23:26 GMT-07:00" duration-ms="2285" status="PASS">
          <reporter-output>
          </reporter-output>
        </test-method> <!-- tvUnits -->
        <test-method is-config="true" signature="tearDown()[pri:0, instance:com.mindtree.TestCases.TC_TVUnits@27f981c6]" started-at="2022-05-23T00:23:26 GMT-07:00" name="tearDown" finished-at="2022-05-23T00:23:26 GMT-07:00" duration-ms="339" status="PASS">
          <reporter-output>
          </reporter-output>
        </test-method> <!-- tearDown -->
      </class> <!-- com.mindtree.TestCases.TC_TVUnits -->
      <class name="com.mindtree.TestCases.TC_GiftCard">
        <test-method is-config="true" signature="setup(java.lang.String)[pri:0, instance:com.mindtree.TestCases.TC_GiftCard@47d9a273]" started-at="2022-05-23T00:23:08 GMT-07:00" name="setup" finished-at="2022-05-23T00:23:10 GMT-07:00" duration-ms="2547" status="PASS">
          <params>
            <param index="0">
              <value>
                <![CDATA[chrome]]>
              </value>
            </param>
          </params>
          <reporter-output>
          </reporter-output>
        </test-method> <!-- setup -->
        <test-method signature="giftCard()[pri:0, instance:com.mindtree.TestCases.TC_GiftCard@47d9a273]" started-at="2022-05-23T00:23:10 GMT-07:00" name="giftCard" finished-at="2022-05-23T00:23:13 GMT-07:00" duration-ms="2776" status="PASS">
          <reporter-output>
          </reporter-output>
        </test-method> <!-- giftCard -->
        <test-method is-config="true" signature="tearDown()[pri:0, instance:com.mindtree.TestCases.TC_GiftCard@47d9a273]" started-at="2022-05-23T00:23:13 GMT-07:00" name="tearDown" finished-at="2022-05-23T00:23:14 GMT-07:00" duration-ms="387" status="PASS">
          <reporter-output>
          </reporter-output>
        </test-method> <!-- tearDown -->
      </class> <!-- com.mindtree.TestCases.TC_GiftCard -->
      <class name="com.mindtree.TestCases.TC_FeesAndPayment">
        <test-method is-config="true" signature="setup(java.lang.String)[pri:0, instance:com.mindtree.TestCases.TC_FeesAndPayment@55634720]" started-at="2022-05-23T00:23:42 GMT-07:00" name="setup" finished-at="2022-05-23T00:23:44 GMT-07:00" duration-ms="2531" status="PASS">
          <params>
            <param index="0">
              <value>
                <![CDATA[chrome]]>
              </value>
            </param>
          </params>
          <reporter-output>
          </reporter-output>
        </test-method> <!-- setup -->
        <test-method signature="aboutUs()[pri:0, instance:com.mindtree.TestCases.TC_FeesAndPayment@55634720]" started-at="2022-05-23T00:23:44 GMT-07:00" name="aboutUs" finished-at="2022-05-23T00:23:46 GMT-07:00" duration-ms="1353" status="PASS">
          <reporter-output>
          </reporter-output>
        </test-method> <!-- aboutUs -->
        <test-method is-config="true" signature="tearDown()[pri:0, instance:com.mindtree.TestCases.TC_FeesAndPayment@55634720]" started-at="2022-05-23T00:23:46 GMT-07:00" name="tearDown" finished-at="2022-05-23T00:23:46 GMT-07:00" duration-ms="395" status="PASS">
          <reporter-output>
          </reporter-output>
        </test-method> <!-- tearDown -->
      </class> <!-- com.mindtree.TestCases.TC_FeesAndPayment -->
      <class name="com.mindtree.TestCases.TC_AboutUs">
        <test-method is-config="true" signature="setup(java.lang.String)[pri:0, instance:com.mindtree.TestCases.TC_AboutUs@4659191b]" started-at="2022-05-23T00:23:38 GMT-07:00" name="setup" finished-at="2022-05-23T00:23:40 GMT-07:00" duration-ms="2483" status="PASS">
          <params>
            <param index="0">
              <value>
                <![CDATA[chrome]]>
              </value>
            </param>
          </params>
          <reporter-output>
          </reporter-output>
        </test-method> <!-- setup -->
        <test-method signature="aboutUs()[pri:0, instance:com.mindtree.TestCases.TC_AboutUs@4659191b]" started-at="2022-05-23T00:23:40 GMT-07:00" name="aboutUs" finished-at="2022-05-23T00:23:41 GMT-07:00" duration-ms="1421" status="PASS">
          <reporter-output>
          </reporter-output>
        </test-method> <!-- aboutUs -->
        <test-method is-config="true" signature="tearDown()[pri:0, instance:com.mindtree.TestCases.TC_AboutUs@4659191b]" started-at="2022-05-23T00:23:41 GMT-07:00" name="tearDown" finished-at="2022-05-23T00:23:42 GMT-07:00" duration-ms="319" status="PASS">
          <reporter-output>
          </reporter-output>
        </test-method> <!-- tearDown -->
      </class> <!-- com.mindtree.TestCases.TC_AboutUs -->
      <class name="com.mindtree.TestCases.TC_GoStores">
        <test-method is-config="true" signature="setup(java.lang.String)[pri:0, instance:com.mindtree.TestCases.TC_GoStores@4b8ee4de]" started-at="2022-05-23T00:23:14 GMT-07:00" name="setup" finished-at="2022-05-23T00:23:16 GMT-07:00" duration-ms="2673" status="PASS">
          <params>
            <param index="0">
              <value>
                <![CDATA[chrome]]>
              </value>
            </param>
          </params>
          <reporter-output>
          </reporter-output>
        </test-method> <!-- setup -->
        <test-method signature="stores()[pri:0, instance:com.mindtree.TestCases.TC_GoStores@4b8ee4de]" started-at="2022-05-23T00:23:16 GMT-07:00" name="stores" finished-at="2022-05-23T00:23:20 GMT-07:00" duration-ms="4179" status="PASS">
          <reporter-output>
          </reporter-output>
        </test-method> <!-- stores -->
        <test-method is-config="true" signature="tearDown()[pri:0, instance:com.mindtree.TestCases.TC_GoStores@4b8ee4de]" started-at="2022-05-23T00:23:20 GMT-07:00" name="tearDown" finished-at="2022-05-23T00:23:21 GMT-07:00" duration-ms="478" status="PASS">
          <reporter-output>
          </reporter-output>
        </test-method> <!-- tearDown -->
      </class> <!-- com.mindtree.TestCases.TC_GoStores -->
      <class name="com.mindtree.TestCases.TC_SelectMattresses">
        <test-method is-config="true" signature="setup(java.lang.String)[pri:0, instance:com.mindtree.TestCases.TC_SelectMattresses@26e356f0]" started-at="2022-05-23T00:22:59 GMT-07:00" name="setup" finished-at="2022-05-23T00:23:01 GMT-07:00" duration-ms="2595" status="PASS">
          <params>
            <param index="0">
              <value>
                <![CDATA[chrome]]>
              </value>
            </param>
          </params>
          <reporter-output>
          </reporter-output>
        </test-method> <!-- setup -->
        <test-method signature="selectmattresses()[pri:0, instance:com.mindtree.TestCases.TC_SelectMattresses@26e356f0]" started-at="2022-05-23T00:23:01 GMT-07:00" name="selectmattresses" finished-at="2022-05-23T00:23:08 GMT-07:00" duration-ms="6184" status="PASS">
          <reporter-output>
          </reporter-output>
        </test-method> <!-- selectmattresses -->
        <test-method is-config="true" signature="tearDown()[pri:0, instance:com.mindtree.TestCases.TC_SelectMattresses@26e356f0]" started-at="2022-05-23T00:23:08 GMT-07:00" name="tearDown" finished-at="2022-05-23T00:23:08 GMT-07:00" duration-ms="327" status="PASS">
          <reporter-output>
          </reporter-output>
        </test-method> <!-- tearDown -->
      </class> <!-- com.mindtree.TestCases.TC_SelectMattresses -->
      <class name="com.mindtree.TestCases.TC_LoginPage">
        <test-method is-config="true" signature="setup(java.lang.String)[pri:0, instance:com.mindtree.TestCases.TC_LoginPage@54a7079e]" started-at="2022-05-23T00:22:55 GMT-07:00" name="setup" finished-at="2022-05-23T00:22:58 GMT-07:00" duration-ms="2508" status="PASS">
          <params>
            <param index="0">
              <value>
                <![CDATA[chrome]]>
              </value>
            </param>
          </params>
          <reporter-output>
          </reporter-output>
        </test-method> <!-- setup -->
        <test-method signature="loginpage()[pri:0, instance:com.mindtree.TestCases.TC_LoginPage@54a7079e]" started-at="2022-05-23T00:22:58 GMT-07:00" name="loginpage" finished-at="2022-05-23T00:22:58 GMT-07:00" duration-ms="586" status="PASS">
          <reporter-output>
          </reporter-output>
        </test-method> <!-- loginpage -->
        <test-method is-config="true" signature="tearDown()[pri:0, instance:com.mindtree.TestCases.TC_LoginPage@54a7079e]" started-at="2022-05-23T00:22:58 GMT-07:00" name="tearDown" finished-at="2022-05-23T00:22:59 GMT-07:00" duration-ms="608" status="PASS">
          <reporter-output>
          </reporter-output>
        </test-method> <!-- tearDown -->
      </class> <!-- com.mindtree.TestCases.TC_LoginPage -->
      <class name="com.mindtree.TestCases.TC_SelectForCouples">
        <test-method is-config="true" signature="setup(java.lang.String)[pri:0, instance:com.mindtree.TestCases.TC_SelectForCouples@1b11171f]" started-at="2022-05-23T00:23:26 GMT-07:00" name="setup" finished-at="2022-05-23T00:23:29 GMT-07:00" duration-ms="2779" status="PASS">
          <params>
            <param index="0">
              <value>
                <![CDATA[chrome]]>
              </value>
            </param>
          </params>
          <reporter-output>
          </reporter-output>
        </test-method> <!-- setup -->
        <test-method signature="selectforcouples()[pri:0, instance:com.mindtree.TestCases.TC_SelectForCouples@1b11171f]" started-at="2022-05-23T00:23:29 GMT-07:00" name="selectforcouples" finished-at="2022-05-23T00:23:37 GMT-07:00" duration-ms="8254" status="PASS">
          <reporter-output>
          </reporter-output>
        </test-method> <!-- selectforcouples -->
        <test-method is-config="true" signature="tearDown()[pri:0, instance:com.mindtree.TestCases.TC_SelectForCouples@1b11171f]" started-at="2022-05-23T00:23:37 GMT-07:00" name="tearDown" finished-at="2022-05-23T00:23:38 GMT-07:00" duration-ms="383" status="PASS">
          <reporter-output>
          </reporter-output>
        </test-method> <!-- tearDown -->
      </class> <!-- com.mindtree.TestCases.TC_SelectForCouples -->
    </test> <!-- HomePage Test -->
  </suite> <!-- HybridFramework -->
</testng-results>
