<?xml version="1.0" encoding="UTF-8"?>
<!-- Generated by org.testng.reporters.JUnitXMLReporter -->
<testsuite ignored="0" hostname="mindc1d430" failures="0" tests="10" name="HomePage Test" time="59.781" errors="0" timestamp="2022-05-23T00:23:51 GMT-07:00">
  <testcase classname="com.mindtree.TestCases.TC_HomePage" name="homePage" time="0.014"/>
  <testcase classname="com.mindtree.TestCases.TC_LoginPage" name="loginpage" time="0.586"/>
  <testcase classname="com.mindtree.TestCases.TC_SelectMattresses" name="selectmattresses" time="6.184"/>
  <testcase classname="com.mindtree.TestCases.TC_GiftCard" name="giftCard" time="2.776"/>
  <testcase classname="com.mindtree.TestCases.TC_GoStores" name="stores" time="4.179"/>
  <testcase classname="com.mindtree.TestCases.TC_TVUnits" name="tvUnits" time="2.285"/>
  <testcase classname="com.mindtree.TestCases.TC_SelectForCouples" name="selectforcouples" time="8.254"/>
  <testcase classname="com.mindtree.TestCases.TC_AboutUs" name="aboutUs" time="1.421"/>
  <testcase classname="com.mindtree.TestCases.TC_FeesAndPayment" name="aboutUs" time="1.353"/>
  <testcase classname="com.mindtree.TestCases.TC_ViewCustomerStories" name="viewcusstories" time="1.835"/>
</testsuite> <!-- HomePage Test -->
